\BOOKMARK [1][-]{section.1}{Definition}{}% 1
\BOOKMARK [2][-]{subsection.1.1}{Overview}{section.1}% 2
\BOOKMARK [2][-]{subsection.1.2}{Problem Statement}{section.1}% 3
\BOOKMARK [2][-]{subsection.1.3}{Metrics}{section.1}% 4
\BOOKMARK [1][-]{section.2}{Analysis}{}% 5
\BOOKMARK [2][-]{subsection.2.1}{The Dataset}{section.2}% 6
\BOOKMARK [2][-]{subsection.2.2}{Algorithms}{section.2}% 7
\BOOKMARK [2][-]{subsection.2.3}{Benchmark Models}{section.2}% 8
\BOOKMARK [2][-]{subsection.2.4}{Related Work}{section.2}% 9
\BOOKMARK [1][-]{section.3}{Methodology}{}% 10
\BOOKMARK [2][-]{subsection.3.1}{Data Preprocessing}{section.3}% 11
\BOOKMARK [2][-]{subsection.3.2}{Implementation}{section.3}% 12
\BOOKMARK [2][-]{subsection.3.3}{Optimization}{section.3}% 13
\BOOKMARK [1][-]{section.4}{Results}{}% 14
\BOOKMARK [2][-]{subsection.4.1}{Visualizations}{section.4}% 15
\BOOKMARK [1][-]{section.5}{Conclusion}{}% 16
\BOOKMARK [2][-]{subsection.5.1}{Reflection}{section.5}% 17
\BOOKMARK [2][-]{subsection.5.2}{Improvement/Future Work}{section.5}% 18
\BOOKMARK [1][-]{section.6}{Problem Statement}{}% 19
\BOOKMARK [1][-]{section.7}{Datasets and Inputs}{}% 20
\BOOKMARK [1][-]{section.8}{Solution Statement}{}% 21
\BOOKMARK [1][-]{section.9}{Benchmark Model}{}% 22
\BOOKMARK [1][-]{section.10}{Evaluation Metrics}{}% 23
\BOOKMARK [1][-]{section.11}{Additional Research Questions}{}% 24
\BOOKMARK [1][-]{section.12}{Project Design}{}% 25
\BOOKMARK [1][-]{section.13}{Web Resources}{}% 26
