This is pdfTeX, Version 3.14159265-2.6-1.40.18 (TeX Live 2017/Debian) (preloaded format=pdflatex 2019.5.17)  23 OCT 2019 22:18
entering extended mode
 restricted \write18 enabled.
 %&-line parsing enabled.
**"Project Report.tex" --shell-escape
(./Project Report.tex
LaTeX2e <2017-04-15>
Babel <3.18> and hyphenation patterns for 84 language(s) loaded.
(/usr/share/texlive/texmf-dist/tex/latex/base/article.cls
Document Class: article 2014/09/29 v1.4h Standard LaTeX document class
(/usr/share/texlive/texmf-dist/tex/latex/base/size10.clo
File: size10.clo 2014/09/29 v1.4h Standard LaTeX file (size option)
)
\c@part=\count79
\c@section=\count80
\c@subsection=\count81
\c@subsubsection=\count82
\c@paragraph=\count83
\c@subparagraph=\count84
\c@figure=\count85
\c@table=\count86
\abovecaptionskip=\skip41
\belowcaptionskip=\skip42
\bibindent=\dimen102
)
(/usr/share/texlive/texmf-dist/tex/latex/base/inputenc.sty
Package: inputenc 2015/03/17 v1.2c Input encoding file
\inpenc@prehook=\toks14
\inpenc@posthook=\toks15

(/usr/share/texlive/texmf-dist/tex/latex/base/latin1.def
File: latin1.def 2015/03/17 v1.2c Input encoding file
))
(/usr/share/texlive/texmf-dist/tex/latex/amsmath/amsmath.sty
Package: amsmath 2017/09/02 v2.17a AMS math features
\@mathmargin=\skip43

For additional information on amsmath, use the `?' option.
(/usr/share/texlive/texmf-dist/tex/latex/amsmath/amstext.sty
Package: amstext 2000/06/29 v2.01 AMS text

(/usr/share/texlive/texmf-dist/tex/latex/amsmath/amsgen.sty
File: amsgen.sty 1999/11/30 v2.0 generic functions
\@emptytoks=\toks16
\ex@=\dimen103
))
(/usr/share/texlive/texmf-dist/tex/latex/amsmath/amsbsy.sty
Package: amsbsy 1999/11/29 v1.2d Bold Symbols
\pmbraise@=\dimen104
)
(/usr/share/texlive/texmf-dist/tex/latex/amsmath/amsopn.sty
Package: amsopn 2016/03/08 v2.02 operator names
)
\inf@bad=\count87
LaTeX Info: Redefining \frac on input line 213.
\uproot@=\count88
\leftroot@=\count89
LaTeX Info: Redefining \overline on input line 375.
\classnum@=\count90
\DOTSCASE@=\count91
LaTeX Info: Redefining \ldots on input line 472.
LaTeX Info: Redefining \dots on input line 475.
LaTeX Info: Redefining \cdots on input line 596.
\Mathstrutbox@=\box26
\strutbox@=\box27
\big@size=\dimen105
LaTeX Font Info:    Redeclaring font encoding OML on input line 712.
LaTeX Font Info:    Redeclaring font encoding OMS on input line 713.
\macc@depth=\count92
\c@MaxMatrixCols=\count93
\dotsspace@=\muskip10
\c@parentequation=\count94
\dspbrk@lvl=\count95
\tag@help=\toks17
\row@=\count96
\column@=\count97
\maxfields@=\count98
\andhelp@=\toks18
\eqnshift@=\dimen106
\alignsep@=\dimen107
\tagshift@=\dimen108
\tagwidth@=\dimen109
\totwidth@=\dimen110
\lineht@=\dimen111
\@envbody=\toks19
\multlinegap=\skip44
\multlinetaggap=\skip45
\mathdisplay@stack=\toks20
LaTeX Info: Redefining \[ on input line 2817.
LaTeX Info: Redefining \] on input line 2818.
)
(/usr/share/texlive/texmf-dist/tex/latex/amsfonts/amsfonts.sty
Package: amsfonts 2013/01/14 v3.01 Basic AMSFonts support
\symAMSa=\mathgroup4
\symAMSb=\mathgroup5
LaTeX Font Info:    Overwriting math alphabet `\mathfrak' in version `bold'
(Font)                  U/euf/m/n --> U/euf/b/n on input line 106.
)
(/usr/share/texlive/texmf-dist/tex/latex/amsfonts/amssymb.sty
Package: amssymb 2013/01/14 v3.01 AMS font symbols
)
(/usr/share/texlive/texmf-dist/tex/latex/hyperref/hyperref.sty
Package: hyperref 2018/02/06 v6.86b Hypertext links for LaTeX

(/usr/share/texlive/texmf-dist/tex/generic/oberdiek/hobsub-hyperref.sty
Package: hobsub-hyperref 2016/05/16 v1.14 Bundle oberdiek, subset hyperref (HO)


(/usr/share/texlive/texmf-dist/tex/generic/oberdiek/hobsub-generic.sty
Package: hobsub-generic 2016/05/16 v1.14 Bundle oberdiek, subset generic (HO)
Package: hobsub 2016/05/16 v1.14 Construct package bundles (HO)
Package: infwarerr 2016/05/16 v1.4 Providing info/warning/error messages (HO)
Package: ltxcmds 2016/05/16 v1.23 LaTeX kernel commands for general use (HO)
Package: ifluatex 2016/05/16 v1.4 Provides the ifluatex switch (HO)
Package ifluatex Info: LuaTeX not detected.
Package: ifvtex 2016/05/16 v1.6 Detect VTeX and its facilities (HO)
Package ifvtex Info: VTeX not detected.
Package: intcalc 2016/05/16 v1.2 Expandable calculations with integers (HO)
Package: ifpdf 2017/03/15 v3.2 Provides the ifpdf switch
Package: etexcmds 2016/05/16 v1.6 Avoid name clashes with e-TeX commands (HO)
Package etexcmds Info: Could not find \expanded.
(etexcmds)             That can mean that you are not using pdfTeX 1.50 or
(etexcmds)             that some package has redefined \expanded.
(etexcmds)             In the latter case, load this package earlier.
Package: kvsetkeys 2016/05/16 v1.17 Key value parser (HO)
Package: kvdefinekeys 2016/05/16 v1.4 Define keys (HO)
Package: pdftexcmds 2018/01/21 v0.26 Utility functions of pdfTeX for LuaTeX (HO
)
Package pdftexcmds Info: LuaTeX not detected.
Package pdftexcmds Info: \pdf@primitive is available.
Package pdftexcmds Info: \pdf@ifprimitive is available.
Package pdftexcmds Info: \pdfdraftmode found.
Package: pdfescape 2016/05/16 v1.14 Implements pdfTeX's escape features (HO)
Package: bigintcalc 2016/05/16 v1.4 Expandable calculations on big integers (HO
)
Package: bitset 2016/05/16 v1.2 Handle bit-vector datatype (HO)
Package: uniquecounter 2016/05/16 v1.3 Provide unlimited unique counter (HO)
)
Package hobsub Info: Skipping package `hobsub' (already loaded).
Package: letltxmacro 2016/05/16 v1.5 Let assignment for LaTeX macros (HO)
Package: hopatch 2016/05/16 v1.3 Wrapper for package hooks (HO)
Package: xcolor-patch 2016/05/16 xcolor patch
Package: atveryend 2016/05/16 v1.9 Hooks at the very end of document (HO)
Package atveryend Info: \enddocument detected (standard20110627).
Package: atbegshi 2016/06/09 v1.18 At begin shipout hook (HO)
Package: refcount 2016/05/16 v3.5 Data extraction from label references (HO)
Package: hycolor 2016/05/16 v1.8 Color options for hyperref/bookmark (HO)
)
(/usr/share/texlive/texmf-dist/tex/latex/graphics/keyval.sty
Package: keyval 2014/10/28 v1.15 key=value parser (DPC)
\KV@toks@=\toks21
)
(/usr/share/texlive/texmf-dist/tex/generic/ifxetex/ifxetex.sty
Package: ifxetex 2010/09/12 v0.6 Provides ifxetex conditional
)
(/usr/share/texlive/texmf-dist/tex/latex/oberdiek/auxhook.sty
Package: auxhook 2016/05/16 v1.4 Hooks for auxiliary files (HO)
)
(/usr/share/texlive/texmf-dist/tex/latex/oberdiek/kvoptions.sty
Package: kvoptions 2016/05/16 v3.12 Key value format for package options (HO)
)
\@linkdim=\dimen112
\Hy@linkcounter=\count99
\Hy@pagecounter=\count100

(/usr/share/texlive/texmf-dist/tex/latex/hyperref/pd1enc.def
File: pd1enc.def 2018/02/06 v6.86b Hyperref: PDFDocEncoding definition (HO)
)
\Hy@SavedSpaceFactor=\count101

(/usr/share/texlive/texmf-dist/tex/latex/latexconfig/hyperref.cfg
File: hyperref.cfg 2002/06/06 v1.2 hyperref configuration of TeXLive
)
Package hyperref Info: Hyper figures OFF on input line 4509.
Package hyperref Info: Link nesting OFF on input line 4514.
Package hyperref Info: Hyper index ON on input line 4517.
Package hyperref Info: Plain pages OFF on input line 4524.
Package hyperref Info: Backreferencing OFF on input line 4529.
Package hyperref Info: Implicit mode ON; LaTeX internals redefined.
Package hyperref Info: Bookmarks ON on input line 4762.
\c@Hy@tempcnt=\count102

(/usr/share/texlive/texmf-dist/tex/latex/url/url.sty
\Urlmuskip=\muskip11
Package: url 2013/09/16  ver 3.4  Verb mode for urls, etc.
)
LaTeX Info: Redefining \url on input line 5115.
\XeTeXLinkMargin=\dimen113
\Fld@menulength=\count103
\Field@Width=\dimen114
\Fld@charsize=\dimen115
Package hyperref Info: Hyper figures OFF on input line 6369.
Package hyperref Info: Link nesting OFF on input line 6374.
Package hyperref Info: Hyper index ON on input line 6377.
Package hyperref Info: backreferencing OFF on input line 6384.
Package hyperref Info: Link coloring OFF on input line 6389.
Package hyperref Info: Link coloring with OCG OFF on input line 6394.
Package hyperref Info: PDF/A mode OFF on input line 6399.
LaTeX Info: Redefining \ref on input line 6439.
LaTeX Info: Redefining \pageref on input line 6443.
\Hy@abspage=\count104
\c@Item=\count105
\c@Hfootnote=\count106
)
Package hyperref Info: Driver (autodetected): hpdftex.

(/usr/share/texlive/texmf-dist/tex/latex/hyperref/hpdftex.def
File: hpdftex.def 2018/02/06 v6.86b Hyperref driver for pdfTeX
\Fld@listcount=\count107
\c@bookmark@seq@number=\count108

(/usr/share/texlive/texmf-dist/tex/latex/oberdiek/rerunfilecheck.sty
Package: rerunfilecheck 2016/05/16 v1.8 Rerun checks for auxiliary files (HO)
Package uniquecounter Info: New unique counter `rerunfilecheck' on input line 2
82.
)
\Hy@SectionHShift=\skip46
)
(/usr/share/texlive/texmf-dist/tex/latex/graphics/graphicx.sty
Package: graphicx 2017/06/01 v1.1a Enhanced LaTeX Graphics (DPC,SPQR)

(/usr/share/texlive/texmf-dist/tex/latex/graphics/graphics.sty
Package: graphics 2017/06/25 v1.2c Standard LaTeX Graphics (DPC,SPQR)

(/usr/share/texlive/texmf-dist/tex/latex/graphics/trig.sty
Package: trig 2016/01/03 v1.10 sin cos tan (DPC)
)
(/usr/share/texlive/texmf-dist/tex/latex/graphics-cfg/graphics.cfg
File: graphics.cfg 2016/06/04 v1.11 sample graphics configuration
)
Package graphics Info: Driver file: pdftex.def on input line 99.

(/usr/share/texlive/texmf-dist/tex/latex/graphics-def/pdftex.def
File: pdftex.def 2018/01/08 v1.0l Graphics/color driver for pdftex
))
\Gin@req@height=\dimen116
\Gin@req@width=\dimen117
)
(/usr/share/texlive/texmf-dist/tex/latex/cite/cite.sty
LaTeX Info: Redefining \cite on input line 302.
LaTeX Info: Redefining \nocite on input line 332.
Package: cite 2015/02/27  v 5.5
)
(/usr/share/texlive/texmf-dist/tex/latex/caption/subcaption.sty
Package: subcaption 2016/05/22 v1.1-161 Sub-captions (AR)

(/usr/share/texlive/texmf-dist/tex/latex/caption/caption.sty
Package: caption 2016/02/21 v3.3-144 Customizing captions (AR)

(/usr/share/texlive/texmf-dist/tex/latex/caption/caption3.sty
Package: caption3 2016/05/22 v1.7-166 caption3 kernel (AR)
Package caption3 Info: TeX engine: e-TeX on input line 67.
\captionmargin=\dimen118
\captionmargin@=\dimen119
\captionwidth=\dimen120
\caption@tempdima=\dimen121
\caption@indent=\dimen122
\caption@parindent=\dimen123
\caption@hangindent=\dimen124
)
\c@ContinuedFloat=\count109
Package caption Info: hyperref package is loaded.
)
\c@subfigure=\count110
\c@subtable=\count111
)
(/usr/share/texlive/texmf-dist/tex/latex/xcolor/xcolor.sty
Package: xcolor 2016/05/11 v2.12 LaTeX color extensions (UK)

(/usr/share/texlive/texmf-dist/tex/latex/graphics-cfg/color.cfg
File: color.cfg 2016/01/02 v1.6 sample color configuration
)
Package xcolor Info: Driver file: pdftex.def on input line 225.

(/usr/share/texlive/texmf-dist/tex/latex/colortbl/colortbl.sty
Package: colortbl 2012/02/13 v1.0a Color table columns (DPC)

(/usr/share/texlive/texmf-dist/tex/latex/tools/array.sty
Package: array 2016/10/06 v2.4d Tabular extension package (FMi)
\col@sep=\dimen125
\extrarowheight=\dimen126
\NC@list=\toks22
\extratabsurround=\skip47
\backup@length=\skip48
)
\everycr=\toks23
\minrowclearance=\skip49
)
\rownum=\count112
Package xcolor Info: Model `cmy' substituted by `cmy0' on input line 1348.
Package xcolor Info: Model `hsb' substituted by `rgb' on input line 1352.
Package xcolor Info: Model `RGB' extended on input line 1364.
Package xcolor Info: Model `HTML' substituted by `rgb' on input line 1366.
Package xcolor Info: Model `Hsb' substituted by `hsb' on input line 1367.
Package xcolor Info: Model `tHsb' substituted by `hsb' on input line 1368.
Package xcolor Info: Model `HSB' substituted by `hsb' on input line 1369.
Package xcolor Info: Model `Gray' substituted by `gray' on input line 1370.
Package xcolor Info: Model `wave' substituted by `hsb' on input line 1371.
)
(./Project Report.aux)
\openout1 = `"Project Report.aux"'.

LaTeX Font Info:    Checking defaults for OML/cmm/m/it on input line 15.
LaTeX Font Info:    ... okay on input line 15.
LaTeX Font Info:    Checking defaults for T1/cmr/m/n on input line 15.
LaTeX Font Info:    ... okay on input line 15.
LaTeX Font Info:    Checking defaults for OT1/cmr/m/n on input line 15.
LaTeX Font Info:    ... okay on input line 15.
LaTeX Font Info:    Checking defaults for OMS/cmsy/m/n on input line 15.
LaTeX Font Info:    ... okay on input line 15.
LaTeX Font Info:    Checking defaults for OMX/cmex/m/n on input line 15.
LaTeX Font Info:    ... okay on input line 15.
LaTeX Font Info:    Checking defaults for U/cmr/m/n on input line 15.
LaTeX Font Info:    ... okay on input line 15.
LaTeX Font Info:    Checking defaults for PD1/pdf/m/n on input line 15.
LaTeX Font Info:    ... okay on input line 15.
\AtBeginShipoutBox=\box28
Package hyperref Info: Link coloring OFF on input line 15.

(/usr/share/texlive/texmf-dist/tex/latex/hyperref/nameref.sty
Package: nameref 2016/05/21 v2.44 Cross-referencing by name of section

(/usr/share/texlive/texmf-dist/tex/generic/oberdiek/gettitlestring.sty
Package: gettitlestring 2016/05/16 v1.5 Cleanup title references (HO)
)
\c@section@level=\count113
)
LaTeX Info: Redefining \ref on input line 15.
LaTeX Info: Redefining \pageref on input line 15.
LaTeX Info: Redefining \nameref on input line 15.

(./Project Report.out) (./Project Report.out)
\@outlinefile=\write3
\openout3 = `"Project Report.out"'.


(/usr/share/texlive/texmf-dist/tex/context/base/mkii/supp-pdf.mkii
[Loading MPS to PDF converter (version 2006.09.02).]
\scratchcounter=\count114
\scratchdimen=\dimen127
\scratchbox=\box29
\nofMPsegments=\count115
\nofMParguments=\count116
\everyMPshowfont=\toks24
\MPscratchCnt=\count117
\MPscratchDim=\dimen128
\MPnumerator=\count118
\makeMPintoPDFobject=\count119
\everyMPtoPDFconversion=\toks25
) (/usr/share/texlive/texmf-dist/tex/latex/oberdiek/epstopdf-base.sty
Package: epstopdf-base 2016/05/15 v2.6 Base part for package epstopdf

(/usr/share/texlive/texmf-dist/tex/latex/oberdiek/grfext.sty
Package: grfext 2016/05/16 v1.2 Manage graphics extensions (HO)
)
Package epstopdf-base Info: Redefining graphics rule for `.eps' on input line 4
38.
Package grfext Info: Graphics extension search list:
(grfext)             [.pdf,.png,.jpg,.mps,.jpeg,.jbig2,.jb2,.PDF,.PNG,.JPG,.JPE
G,.JBIG2,.JB2,.eps]
(grfext)             \AppendGraphicsExtensions on input line 456.

(/usr/share/texlive/texmf-dist/tex/latex/latexconfig/epstopdf-sys.cfg
File: epstopdf-sys.cfg 2010/07/13 v1.3 Configuration of (r)epstopdf for TeX Liv
e
))
Package caption Info: Begin \AtBeginDocument code.
Package caption Info: End \AtBeginDocument code.
LaTeX Font Info:    Try loading font information for U+msa on input line 19.

(/usr/share/texlive/texmf-dist/tex/latex/amsfonts/umsa.fd
File: umsa.fd 2013/01/14 v3.01 AMS symbols A
)
LaTeX Font Info:    Try loading font information for U+msb on input line 19.

(/usr/share/texlive/texmf-dist/tex/latex/amsfonts/umsb.fd
File: umsb.fd 2013/01/14 v3.01 AMS symbols B
)
(./Project Report.toc)
\tf@toc=\write4
\openout4 = `"Project Report.toc"'.

 [1

{/var/lib/texmf/fonts/map/pdftex/updmap/pdftex.map}]
LaTeX Font Info:    Try loading font information for OMS+cmr on input line 39.

(/usr/share/texlive/texmf-dist/tex/latex/base/omscmr.fd
File: omscmr.fd 2014/09/29 v2.5h Standard LaTeX font definitions
)
LaTeX Font Info:    Font shape `OMS/cmr/m/n' in size <10> not available
(Font)              Font shape `OMS/cmsy/m/n' tried instead on input line 39.
 [2]

Package amsfonts Warning: Obsolete command \bold; \mathbf should be used instea
d on input line 50.

[3]
Overfull \hbox (32.9967pt too wide) in paragraph at lines 102--102
[]\OT1/cmtt/m/n/10 ['zustart', 'verbrenners', 'riemenstartergenerator', 'rsg', 
'verf^^?ugung',[] 
 []


Overfull \hbox (11.99689pt too wide) in paragraph at lines 102--102
[]\OT1/cmtt/m/n/10 'steht', 'maschine', 'reduzierte', 'momentenreserve', 'vorge
halten',[] 
 []


Overfull \hbox (1.49698pt too wide) in paragraph at lines 102--102
[]\OT1/cmtt/m/n/10 'problem', 'f^^?allt', 'zustart', 'verf^^?ugbarkeit', 'rsgs'
, 'erh^^?ohte',[] 
 []


Overfull \hbox (43.49661pt too wide) in paragraph at lines 102--102
[]\OT1/cmtt/m/n/10 'drehmomentreserve', 'sprunghaft', 'fahrerwunschmoment', 'ei
nkoordiniert',[] 
 []


Overfull \hbox (17.24684pt too wide) in paragraph at lines 102--102
[]\OT1/cmtt/m/n/10 'fahrer', 'sp^^?urt', 'ruck', 'fahrerwunschmoment', 'fahren'
, 'zustart',[] 
 []


Overfull \hbox (1.49698pt too wide) in paragraph at lines 102--102
[]\OT1/cmtt/m/n/10 'gr^^?o^^Ye', 'disttqlimelm', 'tqmaxeldrv', 'begrenzt', 'dis
ttqlimelm',[] 
 []


Overfull \hbox (59.24648pt too wide) in paragraph at lines 102--102
[]\OT1/cmtt/m/n/10 'tqmaxeldrv', 'enth^^?alt', 'aktuell', 'momentenreserve', 'c
ovom', 'tqresvstat',[] 
 []


Overfull \hbox (6.74693pt too wide) in paragraph at lines 102--102
[]\OT1/cmtt/m/n/10 'covom', 'tqresvstat', 'zeigt', 'wegfall', 'verf^^?ugbarkeit
', 'rsgs',[] 
 []


Overfull \hbox (43.49661pt too wide) in paragraph at lines 102--102
[]\OT1/cmtt/m/n/10 'erh^^?ohten', 'bedarf', 'momentenreserve', 'sprunghaft', 'f
^^?allt', 'zustart',[] 
 []


Overfull \hbox (1.49698pt too wide) in paragraph at lines 102--102
[]\OT1/cmtt/m/n/10 'verf^^?ugbarkeit', 'rsgs', 'darf', 'erh^^?ohte', 'drehmomen
tenreserve',[] 
 []


Overfull \hbox (1.49698pt too wide) in paragraph at lines 102--102
[]\OT1/cmtt/m/n/10 'fahrerwunsch', 'begrenzen', 'ablaufsteuerung', 'signal', 'c
ovom',[] 
 []


Overfull \hbox (43.49661pt too wide) in paragraph at lines 102--102
[]\OT1/cmtt/m/n/10 'tqresvstrt', 'ber^^?ucksichtigt', 'begrenzung', 'fahrerwuns
ches', 'maximal',[] 
 []


Overfull \hbox (32.9967pt too wide) in paragraph at lines 102--102
[]\OT1/cmtt/m/n/10 'verf^^?ugbare', 'fahrmoment', 'signal', 'verwendet', 'aktue
ll', 'g^^?ultige',[] 
 []

<./Pictures/hist_length.png, id=153, 379.4175pt x 264.99pt>
File: ./Pictures/hist_length.png Graphic file (type png)
<use ./Pictures/hist_length.png>
Package pdftex.def Info: ./Pictures/hist_length.png  used on input line 110.
(pdftex.def)             Requested size: 227.65225pt x 158.99522pt.
[4]
Underfull \hbox (badness 10000) in paragraph at lines 123--123
[][][]\OT1/cmr/m/n/8 https://towardsdatascience.com/an-implementation-guide-to-
word2vec-using-numpy-
 []


Overfull \hbox (43.05554pt too wide) in paragraph at lines 128--128
[][][][]$\OT1/cmtt/m/n/8 https : / / towardsdatascience . com / introduction-[]
to-[]word-[]embedding-[]and-[]word2vec-[]652d0c2060fa$[]| 
 []

<./Pictures/w2v_pic.png, id=168, 1630.09pt x 616.3025pt>
File: ./Pictures/w2v_pic.png Graphic file (type png)
<use ./Pictures/w2v_pic.png>
Package pdftex.def Info: ./Pictures/w2v_pic.png  used on input line 132.
(pdftex.def)             Requested size: 407.5215pt x 154.07524pt.

Overfull \hbox (62.5215pt too wide) in paragraph at lines 132--133
 [] 
 []

<./Pictures/w2v_arch.png, id=169, 598.235pt x 577.15625pt>
File: ./Pictures/w2v_arch.png Graphic file (type png)
<use ./Pictures/w2v_arch.png>
Package pdftex.def Info: ./Pictures/w2v_arch.png  used on input line 141.
(pdftex.def)             Requested size: 239.28975pt x 230.8584pt.

Overfull \hbox (3.5826pt too wide) in paragraph at lines 148--149
 []\OT1/cmr/bx/n/10 FastText[] \OT1/cmr/m/n/10 Fast-Text ex-tends word2vec. It 
is built on char-ac-ter n-grams, whereas
 []

[5 <./Pictures/hist_length.png>] [6 <./Pictures/w2v_pic.png (PNG copy)> <./Pict
ures/w2v_arch.png (PNG copy)>]
Overfull \hbox (11.99689pt too wide) in paragraph at lines 180--180
[]\OT1/cmtt/m/n/10 model_w2v = Word2Vec(training_data, size=300, window=5, min_
count=5)[] 
 []


Overfull \hbox (6.74693pt too wide) in paragraph at lines 180--180
[]\OT1/cmtt/m/n/10 model_ft = FastText(training_data, size=300, window=5, min_c
ount=5)[] 
 []

[7]
<./Pictures/m_acc_ds_ft.png, id=206, 508.90125pt x 497.86pt>
File: ./Pictures/m_acc_ds_ft.png Graphic file (type png)
<use ./Pictures/m_acc_ds_ft.png>
Package pdftex.def Info: ./Pictures/m_acc_ds_ft.png  used on input line 214.
(pdftex.def)             Requested size: 203.55688pt x 199.14047pt.
<./Pictures/loss_ds_ft.png, id=207, 502.87875pt x 497.86pt>
File: ./Pictures/loss_ds_ft.png Graphic file (type png)
<use ./Pictures/loss_ds_ft.png>
Package pdftex.def Info: ./Pictures/loss_ds_ft.png  used on input line 223.
(pdftex.def)             Requested size: 201.14793pt x 199.14047pt.
 [8] [9 <./Pictures/m_acc_ds_ft.png> <./Pictures/loss_ds_ft.png>]
<./Pictures/model_ft_benzin_diesel.png, id=224, 732.7375pt x 538.01pt>
File: ./Pictures/model_ft_benzin_diesel.png Graphic file (type png)
<use ./Pictures/model_ft_benzin_diesel.png>
Package pdftex.def Info: ./Pictures/model_ft_benzin_diesel.png  used on input l
ine 257.
(pdftex.def)             Requested size: 293.08981pt x 215.20018pt.
<./Pictures/model_ds_ft_benzin_diesel.png, id=225, 731.73375pt x 538.01pt>
File: ./Pictures/model_ds_ft_benzin_diesel.png Graphic file (type png)
<use ./Pictures/model_ds_ft_benzin_diesel.png>
Package pdftex.def Info: ./Pictures/model_ds_ft_benzin_diesel.png  used on inpu
t line 265.
(pdftex.def)             Requested size: 292.68831pt x 215.20018pt.
<./Pictures/model_ds_w2v_benzin_diesel.png, id=226, 730.73pt x 538.01pt>
File: ./Pictures/model_ds_w2v_benzin_diesel.png Graphic file (type png)
<use ./Pictures/model_ds_w2v_benzin_diesel.png>
Package pdftex.def Info: ./Pictures/model_ds_w2v_benzin_diesel.png  used on inp
ut line 274.
(pdftex.def)             Requested size: 292.28682pt x 215.20018pt.
<./Pictures/model_ft_motor_getriebe.png, id=227, 723.70375pt x 538.01pt>
File: ./Pictures/model_ft_motor_getriebe.png Graphic file (type png)
<use ./Pictures/model_ft_motor_getriebe.png>
Package pdftex.def Info: ./Pictures/model_ft_motor_getriebe.png  used on input 
line 281.
(pdftex.def)             Requested size: 289.47636pt x 215.20018pt.
<./Pictures/model_ds_ft_motor_getriebe.png, id=228, 756.8275pt x 538.01pt>
File: ./Pictures/model_ds_ft_motor_getriebe.png Graphic file (type png)
<use ./Pictures/model_ds_ft_motor_getriebe.png>
Package pdftex.def Info: ./Pictures/model_ds_ft_motor_getriebe.png  used on inp
ut line 289.
(pdftex.def)             Requested size: 302.72563pt x 215.20018pt.
<./Pictures/model_ds_w2v_motor_getriebe.png, id=229, 730.73pt x 538.01pt>
File: ./Pictures/model_ds_w2v_motor_getriebe.png Graphic file (type png)
<use ./Pictures/model_ds_w2v_motor_getriebe.png>
Package pdftex.def Info: ./Pictures/model_ds_w2v_motor_getriebe.png  used on in
put line 299.
(pdftex.def)             Requested size: 292.28682pt x 215.20018pt.

Overfull \hbox (50.97792pt too wide) in paragraph at lines 309--323
 [] 
 []

[10 <./Pictures/model_ft_benzin_diesel.png>] [11 <./Pictures/model_ds_ft_benzin
_diesel.png> <./Pictures/model_ds_w2v_benzin_diesel.png>] [12 <./Pictures/model
_ft_motor_getriebe.png> <./Pictures/model_ds_ft_motor_getriebe.png>]
Overfull \hbox (7.05846pt too wide) in paragraph at lines 330--332
 []$[]$ \OT1/cmr/bx/n/10 Down-stream Clas-si-fi-ca-tion[] \OT1/cmr/m/n/10 The r
e-sults show that the specif-i-cally trained
 []

[13 <./Pictures/model_ds_w2v_motor_getriebe.png>]
File: ./Pictures/model_ft_motor_getriebe.png Graphic file (type png)
<use ./Pictures/model_ft_motor_getriebe.png>
Package pdftex.def Info: ./Pictures/model_ft_motor_getriebe.png  used on input 
line 354.
(pdftex.def)             Requested size: 172.5pt x 128.23842pt.
File: ./Pictures/model_ds_ft_motor_getriebe.png Graphic file (type png)
<use ./Pictures/model_ds_ft_motor_getriebe.png>
Package pdftex.def Info: ./Pictures/model_ds_ft_motor_getriebe.png  used on inp
ut line 359.
(pdftex.def)             Requested size: 172.5pt x 122.62321pt.
 [14]
Overfull \hbox (6.13951pt too wide) in paragraph at lines 373--374
\OT1/cmr/m/n/10 punc-tu-a-tion, nun-mer-ics, re-dun-dant whites-pace, short wor
ds and stop words.
 []


Underfull \hbox (badness 3746) in paragraph at lines 388--388
[]|\OT1/cmr/m/n/10 gensim Im-ple-men-
 []


Underfull \hbox (badness 2088) in paragraph at lines 390--390
[]|\OT1/cmr/m/n/10 w/ gen-sim im-ple-
 []


Underfull \hbox (badness 1748) in paragraph at lines 390--391
[]|\OT1/cmr/m/n/10 n.a., needs global
 []


Underfull \hbox (badness 5681) in paragraph at lines 392--392
[]|\OT1/cmr/m/n/10 gensim im-ple-men-
 []


Underfull \hbox (badness 3240) in paragraph at lines 392--393
[]|\OT1/cmr/m/n/10 done w/ un-doc-u-
 []


Underfull \hbox (badness 1436) in paragraph at lines 392--393
\OT1/cmr/m/n/10 mented fea-ture in
 []


Underfull \hbox (badness 10000) in paragraph at lines 392--393
\OT1/cmr/m/n/10 Face-book im-ple-
 []


Overfull \hbox (49.78264pt too wide) in paragraph at lines 384--395
 [] 
 []

[15]
Overfull \hbox (32.74696pt too wide) in paragraph at lines 409--410
[][]$\OT1/cmtt/m/n/10 https : / / github . com / kudkudak / word-[]embeddings-[
]benchmarks / blob / master /
 []

(./Project Report.bbl [16])
Package atveryend Info: Empty hook `BeforeClearDocument' on input line 423.
 [17]
Package atveryend Info: Empty hook `AfterLastShipout' on input line 423.
 (./Project Report.aux)
Package atveryend Info: Executing hook `AtVeryEndDocument' on input line 423.
Package atveryend Info: Executing hook `AtEndAfterFileList' on input line 423.
Package rerunfilecheck Info: File `"Project Report".out' has not changed.
(rerunfilecheck)             Checksum: 067CA234BCA2D1A94FE49BE36FFA20BB;1220.
Package atveryend Info: Empty hook `AtVeryVeryEnd' on input line 423.
 ) 
Here is how much of TeX's memory you used:
 7889 strings out of 492982
 116687 string characters out of 6134896
 208104 words of memory out of 5000000
 11253 multiletter control sequences out of 15000+600000
 15855 words of font info for 60 fonts, out of 8000000 for 9000
 1141 hyphenation exceptions out of 8191
 42i,13n,40p,779b,476s stack positions out of 5000i,500n,10000p,200000b,80000s
</usr/share/texlive/texmf-dist/fonts/type1/public/amsfonts/cm/cmbx10.pfb></us
r/share/texlive/texmf-dist/fonts/type1/public/amsfonts/cm/cmbx12.pfb></usr/shar
e/texlive/texmf-dist/fonts/type1/public/amsfonts/cm/cmbx7.pfb></usr/share/texli
ve/texmf-dist/fonts/type1/public/amsfonts/cm/cmcsc10.pfb></usr/share/texlive/te
xmf-dist/fonts/type1/public/amsfonts/cm/cmmi10.pfb></usr/share/texlive/texmf-di
st/fonts/type1/public/amsfonts/cm/cmmi7.pfb></usr/share/texlive/texmf-dist/font
s/type1/public/amsfonts/cm/cmmib10.pfb></usr/share/texlive/texmf-dist/fonts/typ
e1/public/amsfonts/cm/cmr10.pfb></usr/share/texlive/texmf-dist/fonts/type1/publ
ic/amsfonts/cm/cmr12.pfb></usr/share/texlive/texmf-dist/fonts/type1/public/amsf
onts/cm/cmr17.pfb></usr/share/texlive/texmf-dist/fonts/type1/public/amsfonts/cm
/cmr6.pfb></usr/share/texlive/texmf-dist/fonts/type1/public/amsfonts/cm/cmr7.pf
b></usr/share/texlive/texmf-dist/fonts/type1/public/amsfonts/cm/cmr8.pfb></usr/
share/texlive/texmf-dist/fonts/type1/public/amsfonts/cm/cmr9.pfb></usr/share/te
xlive/texmf-dist/fonts/type1/public/amsfonts/cm/cmsy10.pfb></usr/share/texlive/
texmf-dist/fonts/type1/public/amsfonts/cm/cmti10.pfb></usr/share/texlive/texmf-
dist/fonts/type1/public/amsfonts/cm/cmtt10.pfb></usr/share/texlive/texmf-dist/f
onts/type1/public/amsfonts/cm/cmtt8.pfb>
Output written on "Project Report.pdf" (17 pages, 682017 bytes).
PDF statistics:
 383 PDF objects out of 1000 (max. 8388607)
 322 compressed objects within 4 object streams
 89 named destinations out of 1000 (max. 500000)
 216 words of extra memory for PDF output out of 10000 (max. 10000000)

